2022.12.03 01:50:57 INFO  tracing is disabled for protocol LSP, to enable tracing of incoming and outgoing JSON messages create an empty file at /home/ubuntu/scala/scripts/.metals/lsp.trace.json or /home/ubuntu/.cache/metals/lsp.trace.json
2022.12.03 01:50:58 INFO  logging to file /home/ubuntu/scala/scripts/.metals/metals.log
2022.12.03 01:50:58 INFO  Started: Metals version 0.11.9 in workspace '/home/ubuntu/scala/scripts' for client Visual Studio Code 1.73.1.
2022.12.03 01:51:01 INFO  time: initialize in 3.28s
2022.12.03 01:51:05 WARN  Build server is not auto-connectable.
2022.12.03 01:51:05 WARN  no build tool detected in workspace '/home/ubuntu/scala/scripts'. The most common cause for this problem is that the editor was opened in the wrong working directory, for example if you use sbt then the workspace directory should contain build.sbt. 
2022.12.03 01:51:05 WARN  no build target for: /home/ubuntu/scala/scripts/sample.scala
2022.12.03 01:51:13 INFO  no build target found for /home/ubuntu/scala/scripts/sample.scala. Using presentation compiler with project's scala-library version: 3.2.0
2022.12.03 01:51:19 INFO  time: code lens generation in 12s
2022.12.03 01:52:09 WARN  no build target for: /home/ubuntu/scala/scripts/sample.scala
Dec 03, 2022 1:52:11 AM org.eclipse.lsp4j.jsonrpc.services.GenericEndpoint notify
INFO: Unsupported notification method: $/setTrace
2022.12.03 01:52:36 WARN  no build target for: /home/ubuntu/scala/scripts/sample.scala
2022.12.03 01:52:37 WARN  no build target for: /home/ubuntu/scala/scripts/sample.scala
Dec 03, 2022 1:57:14 AM org.eclipse.lsp4j.jsonrpc.RemoteEndpoint handleCancellation
WARNING: Unmatched cancel notification for request id 68
2022.12.03 01:57:17 WARN  no build target for: /home/ubuntu/scala/scripts/sample.scala
2022.12.03 01:57:18 WARN  no build target for: /home/ubuntu/scala/scripts/sample.scala
2022.12.03 01:58:22 WARN  no build target for: /home/ubuntu/scala/scripts/sample.scala
2022.12.03 01:58:26 WARN  no build target for: /home/ubuntu/scala/scripts/sample.scala
2022.12.03 01:58:53 WARN  no build target for: /home/ubuntu/scala/scripts/sample.scala
2022.12.03 01:59:38 WARN  no build target for: /home/ubuntu/scala/scripts/sample.scala
2022.12.03 02:00:32 WARN  no build target for: /home/ubuntu/scala/scripts/sample.scala
2022.12.03 02:00:36 WARN  no build target for: /home/ubuntu/scala/scripts/sample.scala
Dec 03, 2022 2:00:52 AM org.eclipse.lsp4j.jsonrpc.RemoteEndpoint handleCancellation
WARNING: Unmatched cancel notification for request id 512
Dec 03, 2022 2:01:00 AM org.eclipse.lsp4j.jsonrpc.RemoteEndpoint handleCancellation
WARNING: Unmatched cancel notification for request id 546
2022.12.03 02:01:08 WARN  no build target for: /home/ubuntu/scala/scripts/sample.scala
2022.12.03 02:01:23 WARN  no build target for: /home/ubuntu/scala/scripts/sample.scala
2022.12.03 02:01:24 WARN  no build target for: /home/ubuntu/scala/scripts/sample.scala
2022.12.03 02:01:26 WARN  no build target for: /home/ubuntu/scala/scripts/sample.scala
2022.12.03 02:02:01 WARN  no build target for: /home/ubuntu/scala/scripts/sample.scala
2022.12.03 02:02:05 WARN  no build target for: /home/ubuntu/scala/scripts/sample.scala
2022.12.03 02:02:16 WARN  no build target for: /home/ubuntu/scala/scripts/sample.scala
2022.12.03 02:02:28 WARN  no build target for: /home/ubuntu/scala/scripts/sample.scala
2022.12.03 02:03:18 WARN  no build target for: /home/ubuntu/scala/scripts/sample.scala
2022.12.03 02:09:19 WARN  no build target for: /home/ubuntu/scala/scripts/sample.scala
2022.12.03 02:09:20 WARN  no build target for: /home/ubuntu/scala/scripts/sample.scala
2022.12.03 02:10:06 WARN  no build target for: /home/ubuntu/scala/scripts/sample.scala
2022.12.03 02:10:25 WARN  no build target for: /home/ubuntu/scala/scripts/sample.scala
2022.12.03 02:10:27 WARN  no build target for: /home/ubuntu/scala/scripts/sample.scala
2022.12.03 02:14:53 WARN  no build target for: /home/ubuntu/scala/scripts/sample.scala
2022.12.03 02:15:09 WARN  no build target for: /home/ubuntu/scala/scripts/sample.scala
2022.12.03 02:15:09 WARN  no build target for: /home/ubuntu/scala/scripts/sample.scala
2022.12.03 02:15:18 WARN  no build target for: /home/ubuntu/scala/scripts/sample.scala
2022.12.03 02:15:31 WARN  no build target for: /home/ubuntu/scala/scripts/sample.scala
2022.12.03 02:15:37 WARN  no build target for: /home/ubuntu/scala/scripts/sample.scala
2022.12.03 02:15:38 WARN  no build target for: /home/ubuntu/scala/scripts/sample.scala
2022.12.03 02:18:51 WARN  no build target for: /home/ubuntu/scala/scripts/sample.scala
2022.12.03 02:18:56 WARN  no build target for: /home/ubuntu/scala/scripts/sample.scala
2022.12.03 02:19:31 WARN  no build target for: /home/ubuntu/scala/scripts/sample.scala
2022.12.03 02:19:45 WARN  no build target for: /home/ubuntu/scala/scripts/sample.scala
2022.12.03 02:19:59 WARN  no build target for: /home/ubuntu/scala/scripts/sample.scala
2022.12.03 02:20:23 WARN  no build target for: /home/ubuntu/scala/scripts/sample.scala
2022.12.03 02:20:24 WARN  no build target for: /home/ubuntu/scala/scripts/sample.scala
2022.12.03 02:20:35 WARN  no build target for: /home/ubuntu/scala/scripts/sample.scala
2022.12.03 02:20:36 WARN  no build target for: /home/ubuntu/scala/scripts/sample.scala
2022.12.03 02:20:43 WARN  no build target for: /home/ubuntu/scala/scripts/sample.scala
2022.12.03 02:20:51 WARN  no build target for: /home/ubuntu/scala/scripts/sample.scala
2022.12.03 02:20:53 WARN  no build target for: /home/ubuntu/scala/scripts/sample.scala
2022.12.03 02:20:54 WARN  no build target for: /home/ubuntu/scala/scripts/sample.scala
2022.12.03 02:21:04 WARN  no build target for: /home/ubuntu/scala/scripts/sample.scala
2022.12.03 02:21:09 WARN  no build target for: /home/ubuntu/scala/scripts/sample.scala
2022.12.03 02:21:22 WARN  no build target for: /home/ubuntu/scala/scripts/sample.scala
2022.12.03 02:21:24 WARN  no build target for: /home/ubuntu/scala/scripts/sample.scala
2022.12.03 02:21:45 WARN  no build target for: /home/ubuntu/scala/scripts/sample.scala
Dec 03, 2022 2:22:04 AM org.eclipse.lsp4j.jsonrpc.RemoteEndpoint handleCancellation
WARNING: Unmatched cancel notification for request id 1566
2022.12.03 02:22:15 WARN  no build target for: /home/ubuntu/scala/scripts/sample.scala
2022.12.03 02:22:17 WARN  no build target for: /home/ubuntu/scala/scripts/sample.scala
Dec 03, 2022 2:23:53 AM org.eclipse.lsp4j.jsonrpc.RemoteEndpoint handleCancellation
WARNING: Unmatched cancel notification for request id 1779
2022.12.03 02:24:05 WARN  no build target for: /home/ubuntu/scala/scripts/sample.scala
2022.12.03 02:24:14 WARN  no build target for: /home/ubuntu/scala/scripts/sample.scala
2022.12.03 02:24:15 WARN  no build target for: /home/ubuntu/scala/scripts/sample.scala
2022.12.03 02:24:21 WARN  no build target for: /home/ubuntu/scala/scripts/sample.scala
2022.12.03 02:24:21 WARN  no build target for: /home/ubuntu/scala/scripts/sample.scala
2022.12.03 02:24:23 WARN  no build target for: /home/ubuntu/scala/scripts/sample.scala
2022.12.03 02:24:28 WARN  no build target for: /home/ubuntu/scala/scripts/sample.scala
2022.12.03 02:24:41 WARN  no build target for: /home/ubuntu/scala/scripts/sample.scala
2022.12.03 02:24:42 WARN  no build target for: /home/ubuntu/scala/scripts/sample.scala
2022.12.03 02:25:15 WARN  no build target for: /home/ubuntu/scala/scripts/sample.scala
2022.12.03 02:25:29 WARN  no build target for: /home/ubuntu/scala/scripts/sample.scala
2022.12.03 02:25:34 WARN  no build target for: /home/ubuntu/scala/scripts/sample.scala
2022.12.03 02:25:34 WARN  no build target for: /home/ubuntu/scala/scripts/sample.scala
2022.12.03 02:25:54 WARN  no build target for: /home/ubuntu/scala/scripts/sample.scala
2022.12.03 02:26:32 WARN  no build target for: /home/ubuntu/scala/scripts/sample.scala
2022.12.03 02:27:05 WARN  no build target for: /home/ubuntu/scala/scripts/sample.scala
2022.12.03 02:27:16 WARN  no build target for: /home/ubuntu/scala/scripts/sample.scala
2022.12.03 02:27:17 WARN  no build target for: /home/ubuntu/scala/scripts/sample.scala
2022.12.03 02:27:18 WARN  no build target for: /home/ubuntu/scala/scripts/sample.scala
2022.12.03 02:27:27 WARN  no build target for: /home/ubuntu/scala/scripts/sample.scala
2022.12.03 02:27:28 WARN  no build target for: /home/ubuntu/scala/scripts/sample.scala
2022.12.03 02:27:29 WARN  no build target for: /home/ubuntu/scala/scripts/sample.scala
2022.12.03 02:27:44 WARN  no build target for: /home/ubuntu/scala/scripts/sample.scala
Dec 03, 2022 2:28:34 AM org.eclipse.lsp4j.jsonrpc.RemoteEndpoint handleCancellation
WARNING: Unmatched cancel notification for request id 2475
Dec 03, 2022 2:28:36 AM org.eclipse.lsp4j.jsonrpc.RemoteEndpoint handleCancellation
WARNING: Unmatched cancel notification for request id 2497
2022.12.03 02:28:46 WARN  no build target for: /home/ubuntu/scala/scripts/sample.scala
2022.12.03 02:28:56 WARN  no build target for: /home/ubuntu/scala/scripts/sample.scala
Dec 03, 2022 2:29:13 AM org.eclipse.lsp4j.jsonrpc.RemoteEndpoint handleCancellation
WARNING: Unmatched cancel notification for request id 2646
2022.12.03 02:29:18 WARN  no build target for: /home/ubuntu/scala/scripts/sample.scala
2022.12.03 02:29:40 WARN  no build target for: /home/ubuntu/scala/scripts/sample.scala
Dec 03, 2022 2:29:54 AM org.eclipse.lsp4j.jsonrpc.RemoteEndpoint handleCancellation
WARNING: Unmatched cancel notification for request id 2834
Dec 03, 2022 2:29:58 AM org.eclipse.lsp4j.jsonrpc.RemoteEndpoint handleCancellation
WARNING: Unmatched cancel notification for request id 2867
Dec 03, 2022 2:29:59 AM org.eclipse.lsp4j.jsonrpc.RemoteEndpoint handleCancellation
WARNING: Unmatched cancel notification for request id 2871
Dec 03, 2022 2:29:59 AM org.eclipse.lsp4j.jsonrpc.RemoteEndpoint handleCancellation
WARNING: Unmatched cancel notification for request id 2873
2022.12.03 02:30:00 WARN  no build target for: /home/ubuntu/scala/scripts/sample.scala
2022.12.03 02:30:11 WARN  no build target for: /home/ubuntu/scala/scripts/sample.scala
2022.12.03 02:30:30 WARN  no build target for: /home/ubuntu/scala/scripts/sample.scala
Dec 03, 2022 2:30:55 AM org.eclipse.lsp4j.jsonrpc.RemoteEndpoint handleCancellation
WARNING: Unmatched cancel notification for request id 3183
2022.12.03 02:30:59 WARN  no build target for: /home/ubuntu/scala/scripts/sample.scala
2022.12.03 02:31:16 WARN  no build target for: /home/ubuntu/scala/scripts/sample.scala
Dec 03, 2022 2:31:20 AM org.eclipse.lsp4j.jsonrpc.RemoteEndpoint handleCancellation
WARNING: Unmatched cancel notification for request id 3233
2022.12.03 02:31:33 WARN  no build target for: /home/ubuntu/scala/scripts/sample.scala
2022.12.03 02:31:34 WARN  no build target for: /home/ubuntu/scala/scripts/sample.scala
2022.12.03 02:31:46 WARN  no build target for: /home/ubuntu/scala/scripts/sample.scala
2022.12.03 02:31:46 WARN  no build target for: /home/ubuntu/scala/scripts/sample.scala
